<?xml version="1.0" encoding="UTF-8"?>
<testng-results skipped="0" failed="0" total="1" passed="1">
  <reporter-output>
  </reporter-output>
  <suite name="myjenk.NewTest" duration-ms="46" started-at="2018-01-12T14:11:15Z" finished-at="2018-01-12T14:11:15Z">
    <groups>
    </groups>
    <test name="Command line test" duration-ms="46" started-at="2018-01-12T14:11:15Z" finished-at="2018-01-12T14:11:15Z">
      <class name="myjenk.NewTest">
        <test-method status="PASS" signature="beforeTest()[pri:0, instance:myjenk.NewTest@6b2fad11]" name="beforeTest" is-config="true" duration-ms="28" started-at="2018-01-12T19:41:15Z" finished-at="2018-01-12T19:41:15Z">
          <reporter-output>
          </reporter-output>
        </test-method> <!-- beforeTest -->
        <test-method status="PASS" signature="f()[pri:0, instance:myjenk.NewTest@6b2fad11]" name="f" duration-ms="1" started-at="2018-01-12T19:41:15Z" finished-at="2018-01-12T19:41:15Z">
          <reporter-output>
          </reporter-output>
        </test-method> <!-- f -->
        <test-method status="PASS" signature="afterTest()[pri:0, instance:myjenk.NewTest@6b2fad11]" name="afterTest" is-config="true" duration-ms="1" started-at="2018-01-12T19:41:15Z" finished-at="2018-01-12T19:41:15Z">
          <reporter-output>
          </reporter-output>
        </test-method> <!-- afterTest -->
      </class> <!-- myjenk.NewTest -->
    </test> <!-- Command line test -->
  </suite> <!-- myjenk.NewTest -->
</testng-results>
